# JRE version: OpenJDK Runtime Environment (8.0_152-b01) (build 1.8.0_152-release-1343-b01)
# Java VM: OpenJDK 64-Bit Server VM (25.152-b01 mixed mode windows-amd64 compressed oops)
Heap:
 PSYoungGen      total 481792K, used 118875K [0x00000000e0000000, 0x0000000100000000, 0x0000000100000000)
  eden space 440320K, 21% used [0x00000000e0000000,0x00000000e5da36a0,0x00000000fae00000)
  from space 41472K, 57% used [0x00000000fd780000,0x00000000feea0b28,0x0000000100000000)
  to   space 41984K, 0% used [0x00000000fae00000,0x00000000fae00000,0x00000000fd700000)
 ParOldGen       total 215552K, used 74926K [0x00000000a0000000, 0x00000000ad280000, 0x00000000e0000000)
  object space 215552K, 34% used [0x00000000a0000000,0x00000000a492bbe0,0x00000000ad280000)
 Metaspace       used 104891K, capacity 110076K, committed 110336K, reserved 1144832K
  class space    used 13069K, capacity 13993K, committed 14080K, reserved 1048576K
GC Heap History (10 events):
Event: 930.411 GC heap before
{Heap before GC invocations=32 (full 4):
 PSYoungGen      total 482816K, used 454272K [0x00000000e0000000, 0x00000000fff80000, 0x0000000100000000)
  eden space 444928K, 99% used [0x00000000e0000000,0x00000000fb242850,0x00000000fb280000)
  from space 37888K, 25% used [0x00000000fb280000,0x00000000fbbdd7b8,0x00000000fd780000)
  to   space 36864K, 0% used [0x00000000fdb80000,0x00000000fdb80000,0x00000000fff80000)
 ParOldGen       total 215552K, used 71940K [0x00000000a0000000, 0x00000000ad280000, 0x00000000e0000000)
  object space 215552K, 33% used [0x00000000a0000000,0x00000000a4641068,0x00000000ad280000)
 Metaspace       used 100287K, capacity 104518K, committed 104704K, reserved 1140736K
  class space    used 12637K, capacity 13448K, committed 13568K, reserved 1048576K
Event: 930.418 GC heap after
Heap after GC invocations=32 (full 4):
 PSYoungGen      total 485888K, used 2837K [0x00000000e0000000, 0x00000000fff00000, 0x0000000100000000)
  eden space 449536K, 0% used [0x00000000e0000000,0x00000000e0000000,0x00000000fb700000)
  from space 36352K, 7% used [0x00000000fdb80000,0x00000000fde455f0,0x00000000fff00000)
  to   space 36864K, 0% used [0x00000000fb700000,0x00000000fb700000,0x00000000fdb00000)
 ParOldGen       total 215552K, used 71980K [0x00000000a0000000, 0x00000000ad280000, 0x00000000e0000000)
  object space 215552K, 33% used [0x00000000a0000000,0x00000000a464b068,0x00000000ad280000)
 Metaspace       used 100287K, capacity 104518K, committed 104704K, reserved 1140736K
  class space    used 12637K, capacity 13448K, committed 13568K, reserved 1048576K
}
Event: 931.446 GC heap before
{Heap before GC invocations=33 (full 4):
 PSYoungGen      total 485888K, used 452373K [0x00000000e0000000, 0x00000000fff00000, 0x0000000100000000)
  eden space 449536K, 100% used [0x00000000e0000000,0x00000000fb700000,0x00000000fb700000)
  from space 36352K, 7% used [0x00000000fdb80000,0x00000000fde455f0,0x00000000fff00000)
  to   space 36864K, 0% used [0x00000000fb700000,0x00000000fb700000,0x00000000fdb00000)
 ParOldGen       total 215552K, used 71980K [0x00000000a0000000, 0x00000000ad280000, 0x00000000e0000000)
  object space 215552K, 33% used [0x00000000a0000000,0x00000000a464b068,0x00000000ad280000)
 Metaspace       used 100501K, capacity 104740K, committed 104960K, reserved 1140736K
  class space    used 12647K, capacity 13453K, committed 13568K, reserved 1048576K
Event: 931.460 GC heap after
Heap after GC invocations=33 (full 4):
 PSYoungGen      total 486400K, used 9807K [0x00000000e0000000, 0x00000000ffe80000, 0x0000000100000000)
  eden space 449536K, 0% used [0x00000000e0000000,0x00000000e0000000,0x00000000fb700000)
  from space 36864K, 26% used [0x00000000fb700000,0x00000000fc093c00,0x00000000fdb00000)
  to   space 35840K, 0% used [0x00000000fdb80000,0x00000000fdb80000,0x00000000ffe80000)
 ParOldGen       total 215552K, used 72012K [0x00000000a0000000, 0x00000000ad280000, 0x00000000e0000000)
  object space 215552K, 33% used [0x00000000a0000000,0x00000000a4653068,0x00000000ad280000)
 Metaspace       used 100501K, capacity 104740K, committed 104960K, reserved 1140736K
  class space    used 12647K, capacity 13453K, committed 13568K, reserved 1048576K
}
Event: 934.830 GC heap before
{Heap before GC invocations=34 (full 4):
 PSYoungGen      total 486400K, used 459343K [0x00000000e0000000, 0x00000000ffe80000, 0x0000000100000000)
  eden space 449536K, 100% used [0x00000000e0000000,0x00000000fb700000,0x00000000fb700000)
  from space 36864K, 26% used [0x00000000fb700000,0x00000000fc093c00,0x00000000fdb00000)
  to   space 35840K, 0% used [0x00000000fdb80000,0x00000000fdb80000,0x00000000ffe80000)
 ParOldGen       total 215552K, used 72012K [0x00000000a0000000, 0x00000000ad280000, 0x00000000e0000000)
  object space 215552K, 33% used [0x00000000a0000000,0x00000000a4653068,0x00000000ad280000)
 Metaspace       used 101242K, capacity 105552K, committed 105728K, reserved 1140736K
  class space    used 12712K, capacity 13551K, committed 13568K, reserved 1048576K
Event: 934.871 GC heap after
Heap after GC invocations=34 (full 4):
 PSYoungGen      total 475136K, used 35837K [0x00000000e0000000, 0x0000000100000000, 0x0000000100000000)
  eden space 439296K, 0% used [0x00000000e0000000,0x00000000e0000000,0x00000000fad00000)
  from space 35840K, 99% used [0x00000000fdb80000,0x00000000ffe7f530,0x00000000ffe80000)
  to   space 42496K, 0% used [0x00000000fad00000,0x00000000fad00000,0x00000000fd680000)
 ParOldGen       total 215552K, used 74862K [0x00000000a0000000, 0x00000000ad280000, 0x00000000e0000000)
  object space 215552K, 34% used [0x00000000a0000000,0x00000000a491bbe0,0x00000000ad280000)
 Metaspace       used 101242K, capacity 105552K, committed 105728K, reserved 1140736K
  class space    used 12712K, capacity 13551K, committed 13568K, reserved 1048576K
}
Event: 1259.917 GC heap before
{Heap before GC invocations=35 (full 4):
 PSYoungGen      total 475136K, used 475133K [0x00000000e0000000, 0x0000000100000000, 0x0000000100000000)
  eden space 439296K, 100% used [0x00000000e0000000,0x00000000fad00000,0x00000000fad00000)
  from space 35840K, 99% used [0x00000000fdb80000,0x00000000ffe7f530,0x00000000ffe80000)
  to   space 42496K, 0% used [0x00000000fad00000,0x00000000fad00000,0x00000000fd680000)
 ParOldGen       total 215552K, used 74862K [0x00000000a0000000, 0x00000000ad280000, 0x00000000e0000000)
  object space 215552K, 34% used [0x00000000a0000000,0x00000000a491bbe0,0x00000000ad280000)
 Metaspace       used 103339K, capacity 108020K, committed 108160K, reserved 1142784K
  class space    used 12951K, capacity 13837K, committed 13952K, reserved 1048576K
Event: 1260.284 GC heap after
Heap after GC invocations=35 (full 4):
 PSYoungGen      total 481792K, used 7736K [0x00000000e0000000, 0x0000000100000000, 0x0000000100000000)
  eden space 439296K, 0% used [0x00000000e0000000,0x00000000e0000000,0x00000000fad00000)
  from space 42496K, 18% used [0x00000000fad00000,0x00000000fb48e1a0,0x00000000fd680000)
  to   space 41472K, 0% used [0x00000000fd780000,0x00000000fd780000,0x0000000100000000)
 ParOldGen       total 215552K, used 74918K [0x00000000a0000000, 0x00000000ad280000, 0x00000000e0000000)
  object space 215552K, 34% used [0x00000000a0000000,0x00000000a4929be0,0x00000000ad280000)
 Metaspace       used 103339K, capacity 108020K, committed 108160K, reserved 1142784K
  class space    used 12951K, capacity 13837K, committed 13952K, reserved 1048576K
}
Event: 4521.901 GC heap before
{Heap before GC invocations=36 (full 4):
 PSYoungGen      total 481792K, used 446301K [0x00000000e0000000, 0x0000000100000000, 0x0000000100000000)
  eden space 439296K, 99% used [0x00000000e0000000,0x00000000fac495a0,0x00000000fad00000)
  from space 42496K, 18% used [0x00000000fad00000,0x00000000fb48e1a0,0x00000000fd680000)
  to   space 41472K, 0% used [0x00000000fd780000,0x00000000fd780000,0x0000000100000000)
 ParOldGen       total 215552K, used 74918K [0x00000000a0000000, 0x00000000ad280000, 0x00000000e0000000)
  object space 215552K, 34% used [0x00000000a0000000,0x00000000a4929be0,0x00000000ad280000)
 Metaspace       used 104717K, capacity 109818K, committed 110080K, reserved 1144832K
  class space    used 13062K, capacity 13982K, committed 14080K, reserved 1048576K
Event: 4522.268 GC heap after
Heap after GC invocations=36 (full 4):
 PSYoungGen      total 481792K, used 23682K [0x00000000e0000000, 0x0000000100000000, 0x0000000100000000)
  eden space 440320K, 0% used [0x00000000e0000000,0x00000000e0000000,0x00000000fae00000)
  from space 41472K, 57% used [0x00000000fd780000,0x00000000feea0b28,0x0000000100000000)
  to   space 41984K, 0% used [0x00000000fae00000,0x00000000fae00000,0x00000000fd700000)
 ParOldGen       total 215552K, used 74926K [0x00000000a0000000, 0x00000000ad280000, 0x00000000e0000000)
  object space 215552K, 34% used [0x00000000a0000000,0x00000000a492bbe0,0x00000000ad280000)
 Metaspace       used 104717K, capacity 109818K, committed 110080K, reserved 1144832K
  class space    used 13062K, capacity 13982K, committed 14080K, reserved 1048576K
}

